2025-12-26 15:59:10 - [INFO] - Loaded 42 records from data/will_data.csv
2025-12-26 15:59:10 - [INFO] - Augmenting data... (Original: 33)
2025-12-26 15:59:45 - [INFO] - Loaded 42 records from data/will_data.csv
2025-12-26 15:59:45 - [INFO] - Augmenting data... (Original: 33)
2025-12-26 15:59:45 - [INFO] - Device: cpu | Input Dim: 60
2025-12-26 15:59:48 - [INFO] - Early stopping at epoch 141
2025-12-26 15:59:48 - [INFO] - Final Threshold: 0.995155 (Mean: 0.413583, Std: 0.387715)
2025-12-26 15:59:48 - [INFO] - Artifacts saved successfully.
2025-12-26 16:02:16 - [INFO] - Loaded 42 records from data/will_data.csv
2025-12-26 16:02:16 - [INFO] - Augmenting data... (Original: 33)
2025-12-26 16:02:17 - [INFO] - Device: cpu | Input Dim: 60
2025-12-26 16:02:19 - [INFO] - Early stopping at epoch 86
2025-12-26 16:02:19 - [INFO] - Final Threshold: 0.857987 (Mean: 0.358916, Std: 0.332714)
2025-12-26 16:02:19 - [INFO] - Artifacts saved successfully.
2025-12-26 16:02:26 - [INFO] - Loaded 42 records from data/will_data.csv
2025-12-26 16:02:26 - [INFO] - Augmenting data... (Original: 33)
2025-12-26 16:02:26 - [INFO] - Device: cpu | Input Dim: 60
2025-12-26 16:02:28 - [INFO] - Early stopping at epoch 71
2025-12-26 16:02:28 - [INFO] - Final Threshold: 0.896934 (Mean: 0.381532, Std: 0.343601)
2025-12-26 16:02:28 - [INFO] - Artifacts saved successfully.
2025-12-26 16:02:34 - [INFO] - Loaded 42 records from data/will_data.csv
2025-12-26 16:02:34 - [INFO] - Augmenting data... (Original: 33)
2025-12-26 16:02:34 - [INFO] - Device: cpu | Input Dim: 60
2025-12-26 16:02:37 - [INFO] - Early stopping at epoch 143
2025-12-26 16:02:37 - [INFO] - Final Threshold: 0.822520 (Mean: 0.338151, Std: 0.322913)
2025-12-26 16:02:37 - [INFO] - Artifacts saved successfully.
2025-12-26 16:04:33 - [INFO] - Loaded 42 records from data/will_data.csv
2025-12-26 16:04:33 - [INFO] - Augmenting data... (Original: 33)
2025-12-26 16:04:34 - [INFO] - Device: cpu | Input Dim: 60
2025-12-26 16:04:36 - [INFO] - Early stopping at epoch 91
2025-12-26 16:04:36 - [INFO] - Final Threshold: 0.949587 (Mean: 0.379130, Std: 0.380304)
2025-12-26 16:04:36 - [INFO] - Artifacts saved successfully.
2025-12-26 16:06:26 - [INFO] - Loaded 42 records from data/will_data.csv
2025-12-26 16:06:26 - [INFO] - Augmenting data... (Original: 33)
2025-12-26 16:06:27 - [INFO] - Device: cpu | Input Dim: 60
2025-12-26 16:06:29 - [INFO] - Early stopping at epoch 109
2025-12-26 16:06:29 - [INFO] - Final Threshold: 0.990865 (Mean: 0.393818, Std: 0.398031)
2025-12-26 16:06:29 - [INFO] - Artifacts saved successfully.
2025-12-26 16:07:37 - [INFO] - Loaded 20 records from data/tristan_data.csv
2025-12-26 16:07:37 - [INFO] - Augmenting data... (Original: 16)
2025-12-26 16:07:37 - [INFO] - Device: cpu | Input Dim: 60
2025-12-26 16:07:38 - [INFO] - Early stopping at epoch 74
2025-12-26 16:07:38 - [INFO] - Final Threshold: 1.817765 (Mean: 1.164393, Std: 0.435581)
2025-12-26 16:07:38 - [INFO] - Artifacts saved successfully.
2025-12-26 16:08:06 - [INFO] - Loaded 42 records from data/will_data.csv
2025-12-26 16:08:06 - [INFO] - Augmenting data... (Original: 33)
2025-12-26 16:08:07 - [INFO] - Device: cpu | Input Dim: 60
2025-12-26 16:08:08 - [INFO] - Early stopping at epoch 86
2025-12-26 16:08:08 - [INFO] - Final Threshold: 0.955115 (Mean: 0.375603, Std: 0.386341)
2025-12-26 16:08:08 - [INFO] - Artifacts saved successfully.
2025-12-26 16:08:16 - [INFO] - Generating enhanced analysis...
2025-12-26 16:08:16 - [INFO] - Loaded 42 samples from Will (will_data.csv)
2025-12-26 16:08:16 - [INFO] - Loaded 33 samples from Owner (Training) (keystroke_data.csv)
2025-12-26 16:08:16 - [INFO] - Loaded 20 samples from Anne (anne_data.csv)
2025-12-26 16:08:16 - [INFO] - Loaded 20 samples from Tristan (tristan_data.csv)
2025-12-26 16:08:17 - [INFO] - Enhanced visualization saved to /Users/will/Development/strokesec/data/typing_pattern.png. Download to view.
2025-12-26 16:08:59 - [INFO] - Loaded 20 records from data/tristan_data.csv
2025-12-26 16:08:59 - [INFO] - Augmenting data... (Original: 16)
2025-12-26 16:08:59 - [INFO] - Device: cpu | Input Dim: 60
2025-12-26 16:09:00 - [INFO] - Early stopping at epoch 99
2025-12-26 16:09:00 - [INFO] - Final Threshold: 1.779114 (Mean: 1.143700, Std: 0.423609)
2025-12-26 16:09:00 - [INFO] - Artifacts saved successfully.
2025-12-26 16:09:03 - [INFO] - Generating enhanced analysis...
2025-12-26 16:09:03 - [INFO] - Loaded 42 samples from Will (will_data.csv)
2025-12-26 16:09:03 - [INFO] - Loaded 33 samples from Owner (Training) (keystroke_data.csv)
2025-12-26 16:09:03 - [INFO] - Loaded 20 samples from Anne (anne_data.csv)
2025-12-26 16:09:03 - [INFO] - Loaded 20 samples from Tristan (tristan_data.csv)
2025-12-26 16:09:04 - [INFO] - Enhanced visualization saved to /Users/will/Development/strokesec/data/typing_pattern.png. Download to view.
2025-12-26 16:09:45 - [INFO] - Loaded 20 records from data/tristan_data.csv
2025-12-26 16:09:45 - [INFO] - Augmenting data... (Original: 16)
2025-12-26 16:09:45 - [INFO] - Device: cpu | Input Dim: 60
2025-12-26 16:09:51 - [INFO] - Loaded 20 records from data/anne_data.csv
2025-12-26 16:09:51 - [INFO] - Augmenting data... (Original: 16)
2025-12-26 16:09:52 - [INFO] - Device: cpu | Input Dim: 60
2025-12-26 16:09:52 - [INFO] - Early stopping at epoch 47
2025-12-26 16:09:52 - [INFO] - Final Threshold: 0.937662 (Mean: 0.689239, Std: 0.165615)
2025-12-26 16:09:52 - [INFO] - Artifacts saved successfully.
2025-12-26 16:15:35 - [INFO] - Loaded 20 records from data/tristan_data.csv
2025-12-26 16:15:35 - [INFO] - Augmenting data... (Original: 16)
2025-12-26 16:15:35 - [INFO] - Device: cpu | Input Dim: 60
2025-12-26 16:15:36 - [INFO] - Early stopping at epoch 83
2025-12-26 16:15:36 - [INFO] - Final Threshold: 1.701463 (Mean: 1.170290, Std: 0.354115)
2025-12-26 16:15:36 - [INFO] - Artifacts saved successfully.
2025-12-26 16:15:46 - [INFO] - Loaded 42 records from data/will_data.csv
2025-12-26 16:15:46 - [INFO] - Augmenting data... (Original: 33)
2025-12-26 16:15:47 - [INFO] - Device: cpu | Input Dim: 60
2025-12-26 16:15:48 - [INFO] - Early stopping at epoch 80
2025-12-26 16:15:48 - [INFO] - Final Threshold: 0.807999 (Mean: 0.337432, Std: 0.313711)
2025-12-26 16:15:48 - [INFO] - Artifacts saved successfully.
2025-12-26 16:15:55 - [INFO] - Generating enhanced analysis...
2025-12-26 16:15:55 - [INFO] - Loaded 42 samples from Will (will_data.csv)
2025-12-26 16:15:55 - [INFO] - Loaded 33 samples from Owner (Training) (keystroke_data.csv)
2025-12-26 16:15:55 - [INFO] - Loaded 20 samples from Anne (anne_data.csv)
2025-12-26 16:15:55 - [INFO] - Loaded 20 samples from Tristan (tristan_data.csv)
2025-12-26 16:15:56 - [INFO] - Enhanced visualization saved to /Users/will/Development/strokesec/data/typing_pattern.png. Download to view.
2025-12-26 16:17:58 - [INFO] - Loaded 42 records from data/will_data.csv
2025-12-26 16:17:58 - [INFO] - Augmenting data... (Original: 33)
2025-12-26 16:17:58 - [INFO] - Device: cpu | Input Dim: 60
2025-12-26 16:17:59 - [INFO] - Early stopping at epoch 50
2025-12-26 16:17:59 - [INFO] - Final Threshold: 0.975331 (Mean: 0.393622, Std: 0.387806)
2025-12-26 16:17:59 - [INFO] - Artifacts saved successfully.
2025-12-26 16:18:09 - [INFO] - Loading target authentication model and artifacts...
2025-12-26 16:18:09 - [INFO] - Loading data from /Users/will/Development/strokesec/data/keystroke_data.csv...
2025-12-26 16:18:09 - [INFO] - 
--- Phase 1: Training LSTM-GAN ---
2025-12-26 16:18:09 - [INFO] - Training LSTM-GAN for 400 epochs...
2025-12-26 16:19:56 - [INFO] - Loading target authentication model and artifacts...
2025-12-26 16:19:57 - [INFO] - Loading data from /Users/will/Development/strokesec/data/keystroke_data.csv...
2025-12-26 16:19:57 - [INFO] - 
--- Phase 1: Training LSTM-GAN ---
2025-12-26 16:19:57 - [INFO] - Training LSTM-GAN for 400 epochs...
2025-12-26 16:20:10 - [INFO] - 
--- Phase 2: Launching Sequence Attack ---
2025-12-26 16:20:10 - [INFO] - Saving forged data...
2025-12-26 16:20:10 - [INFO] - PASS: The model is robust against sequential attacks.
2025-12-26 16:21:05 - [INFO] - Generating enhanced analysis...
2025-12-26 16:21:05 - [INFO] - Loaded 42 samples from Will (will_data.csv)
2025-12-26 16:21:05 - [INFO] - Loaded 33 samples from Owner (Training) (keystroke_data.csv)
2025-12-26 16:21:05 - [INFO] - Loaded 20 samples from Anne (anne_data.csv)
2025-12-26 16:21:05 - [INFO] - Loaded 1000 samples from Forged_keystroke (forged_keystroke_data.csv)
2025-12-26 16:21:05 - [INFO] - Loaded 20 samples from Tristan (tristan_data.csv)
2025-12-26 16:21:05 - [INFO] - Enhanced visualization saved to /Users/will/Development/strokesec/data/typing_pattern.png. Download to view.
2025-12-26 16:21:36 - [INFO] - Loading target authentication model and artifacts...
2025-12-26 16:21:36 - [INFO] - Loading data from /Users/will/Development/strokesec/data/keystroke_data.csv...
2025-12-26 16:21:36 - [INFO] - 
--- Phase 1: Training LSTM-GAN ---
2025-12-26 16:21:37 - [INFO] - Training LSTM-GAN for 400 epochs...
2025-12-26 16:21:50 - [INFO] - 
--- Phase 2: Launching Sequence Attack ---
2025-12-26 16:21:50 - [INFO] - Saving forged data...
2025-12-26 16:21:50 - [INFO] - PASS: The model is robust against sequential attacks.
2025-12-26 16:26:15 - [INFO] - Loading target authentication model and artifacts...
2025-12-26 16:26:16 - [INFO] - Loading data from /Users/will/Development/strokesec/data/keystroke_data.csv...
2025-12-26 16:26:16 - [INFO] - 
--- Phase 1: Training LSTM-GAN ---
2025-12-26 16:26:16 - [INFO] - Training LSTM-GAN for 1000 epochs...
2025-12-26 16:26:49 - [INFO] - 
--- Phase 2: Launching Sequence Attack ---
2025-12-26 16:26:49 - [INFO] - Saving forged data...
2025-12-26 16:26:49 - [CRITICAL] - CRITICAL: The model is vulnerable to sequential attacks.
2025-12-26 16:32:02 - [INFO] - Loaded 62 records from data/will_data.csv
2025-12-26 16:32:02 - [INFO] - Augmenting data... (Original: 49)
2025-12-26 16:32:03 - [INFO] - Device: cpu | Input Dim: 60
2025-12-26 16:32:05 - [INFO] - Early stopping at epoch 84
2025-12-26 16:32:05 - [INFO] - Final Threshold: 0.857689 (Mean: 0.408812, Std: 0.299252)
2025-12-26 16:32:05 - [INFO] - Artifacts saved successfully.
2025-12-26 16:32:10 - [INFO] - Generating enhanced analysis...
2025-12-26 16:32:10 - [INFO] - Loaded 62 samples from Will (will_data.csv)
2025-12-26 16:32:10 - [INFO] - Loaded 62 samples from Owner (Training) (keystroke_data.csv)
2025-12-26 16:32:10 - [INFO] - Loaded 20 samples from Anne (anne_data.csv)
2025-12-26 16:32:10 - [INFO] - Loaded 1000 samples from Forged_keystroke (forged_keystroke_data.csv)
2025-12-26 16:32:10 - [INFO] - Loaded 20 samples from Tristan (tristan_data.csv)
2025-12-26 16:32:11 - [INFO] - Enhanced visualization saved to /Users/will/Development/strokesec/data/typing_pattern.png. Download to view.
2025-12-26 16:32:29 - [INFO] - Loading target authentication model and artifacts...
2025-12-26 16:32:29 - [INFO] - Loading data from /Users/will/Development/strokesec/data/keystroke_data.csv...
2025-12-26 16:32:29 - [INFO] - 
--- Phase 1: Training LSTM-GAN ---
2025-12-26 16:32:30 - [INFO] - Training LSTM-GAN for 1000 epochs...
2025-12-26 16:33:03 - [INFO] - 
--- Phase 2: Launching Sequence Attack ---
2025-12-26 16:33:03 - [INFO] - Saving forged data...
2025-12-26 16:33:03 - [INFO] - PASS: The model is robust against sequential attacks.
2025-12-26 16:33:10 - [INFO] - Generating enhanced analysis...
2025-12-26 16:33:10 - [INFO] - Loaded 62 samples from Will (will_data.csv)
2025-12-26 16:33:10 - [INFO] - Loaded 62 samples from Owner (Training) (keystroke_data.csv)
2025-12-26 16:33:10 - [INFO] - Loaded 20 samples from Anne (anne_data.csv)
2025-12-26 16:33:10 - [INFO] - Loaded 1000 samples from Forged_keystroke (forged_keystroke_data.csv)
2025-12-26 16:33:10 - [INFO] - Loaded 20 samples from Tristan (tristan_data.csv)
2025-12-26 16:33:11 - [INFO] - Enhanced visualization saved to /Users/will/Development/strokesec/data/typing_pattern.png. Download to view.
2025-12-26 16:33:29 - [ERROR] - CSV file 'data/forged_keystroke_data.csv' not found.
2025-12-26 16:33:36 - [INFO] - Generating enhanced analysis...
2025-12-26 16:33:36 - [INFO] - Loaded 62 samples from Will (will_data.csv)
2025-12-26 16:33:36 - [INFO] - Loaded 62 samples from Owner (Training) (keystroke_data.csv)
2025-12-26 16:33:36 - [INFO] - Loaded 20 samples from Anne (anne_data.csv)
2025-12-26 16:33:36 - [INFO] - Loaded 20 samples from Tristan (tristan_data.csv)
2025-12-26 16:33:37 - [INFO] - Enhanced visualization saved to /Users/will/Development/strokesec/data/typing_pattern.png. Download to view.
2025-12-26 16:37:05 - [INFO] - Generating enhanced analysis...
2025-12-26 16:37:05 - [INFO] - Loaded 62 samples from Will (will_data.csv)
2025-12-26 16:37:05 - [INFO] - Loaded 62 samples from Owner (Training) (keystroke_data.csv)
2025-12-26 16:37:05 - [INFO] - Loaded 20 samples from Anne (anne_data.csv)
2025-12-26 16:37:05 - [INFO] - Loaded 20 samples from Tristan (tristan_data.csv)
2025-12-26 16:37:06 - [INFO] - Enhanced visualization saved to /Users/will/Development/strokesec/data/typing_pattern.png. Download to view.
2025-12-26 16:37:17 - [INFO] - Loading target authentication model and artifacts...
2025-12-26 16:37:17 - [INFO] - Loading data from /Users/will/Development/strokesec/data/keystroke_data.csv...
2025-12-26 16:37:17 - [INFO] - 
--- Phase 1: Training LSTM-GAN ---
2025-12-26 16:37:18 - [INFO] - Training LSTM-GAN for 1000 epochs...
2025-12-26 16:37:51 - [INFO] - 
--- Phase 2: Launching Sequence Attack ---
2025-12-26 16:37:51 - [INFO] - Saving forged data...
2025-12-26 16:37:51 - [CRITICAL] - CRITICAL: The model is vulnerable to sequential attacks.
2025-12-26 16:37:57 - [INFO] - Loading target authentication model and artifacts...
2025-12-26 16:37:57 - [INFO] - Loading data from /Users/will/Development/strokesec/data/keystroke_data.csv...
2025-12-26 16:37:57 - [INFO] - 
--- Phase 1: Training LSTM-GAN ---
2025-12-26 16:37:58 - [INFO] - Training LSTM-GAN for 1000 epochs...
2025-12-26 16:38:30 - [INFO] - 
--- Phase 2: Launching Sequence Attack ---
2025-12-26 16:38:30 - [INFO] - Saving forged data...
2025-12-26 16:38:30 - [CRITICAL] - CRITICAL: The model is vulnerable to sequential attacks.
2025-12-26 16:39:00 - [INFO] - Generating enhanced analysis...
2025-12-26 16:39:00 - [INFO] - Loaded 62 samples from Will (will_data.csv)
2025-12-26 16:39:00 - [INFO] - Loaded 62 samples from Owner (Training) (keystroke_data.csv)
2025-12-26 16:39:00 - [INFO] - Loaded 20 samples from Anne (anne_data.csv)
2025-12-26 16:39:00 - [INFO] - Loaded 1000 samples from Forged_keystroke (forged_keystroke_data.csv)
2025-12-26 16:39:00 - [INFO] - Loaded 20 samples from Tristan (tristan_data.csv)
2025-12-26 16:39:01 - [INFO] - Enhanced visualization saved to /Users/will/Development/strokesec/data/typing_pattern.png. Download to view.
2025-12-26 16:50:51 - [INFO] - Generating enhanced analysis...
2025-12-26 16:50:51 - [INFO] - Loaded 62 samples from Will (will_data.csv)
2025-12-26 16:50:51 - [INFO] - Loaded 62 samples from Owner (Training) (keystroke_data.csv)
2025-12-26 16:50:51 - [INFO] - Loaded 20 samples from Anne (anne_data.csv)
2025-12-26 16:50:51 - [INFO] - Loaded 1000 samples from Forged_keystroke (forged_keystroke_data.csv)
2025-12-26 16:50:51 - [INFO] - Loaded 20 samples from Tristan (tristan_data.csv)
2025-12-26 16:50:51 - [INFO] - Enhanced visualization saved to /Users/will/Development/strokesec/data/typing_pattern.png. Download to view.
2025-12-26 16:51:14 - [INFO] - Generating enhanced analysis...
2025-12-26 16:51:15 - [INFO] - Loaded 62 samples from Will (will_data.csv)
2025-12-26 16:51:15 - [INFO] - Loaded 62 samples from Owner (Training) (keystroke_data.csv)
2025-12-26 16:51:15 - [INFO] - Loaded 20 samples from Anne (anne_data.csv)
2025-12-26 16:51:15 - [INFO] - Loaded 20 samples from Tristan (tristan_data.csv)
2025-12-26 16:51:15 - [INFO] - Enhanced visualization saved to /Users/will/Development/strokesec/data/typing_pattern.png. Download to view.
2025-12-26 17:55:32 - [INFO] - Loaded 82 records from /home/will/git/strokesec/data/keystroke_data.csv
2025-12-26 17:55:32 - [INFO] - Augmenting data... (Original: 65)
2025-12-26 17:55:33 - [INFO] - Device: cuda | Input Dim: 60
2025-12-26 17:55:37 - [INFO] - Early stopping at epoch 62
2025-12-26 17:55:37 - [INFO] - Final Threshold: 2.129795 (Mean: 0.805094, Std: 0.883134)
2025-12-26 17:57:25 - [INFO] - Loaded 82 records from /home/will/git/strokesec/data/keystroke_data.csv
2025-12-26 17:57:25 - [INFO] - Augmenting data... (Original: 65)
2025-12-26 17:57:26 - [INFO] - Device: cuda | Input Dim: 60
2025-12-26 17:57:28 - [INFO] - Early stopping at epoch 70
2025-12-26 17:57:28 - [INFO] - Final Threshold: 2.507983 (Mean: 0.854728, Std: 1.102170)
2025-12-26 17:57:28 - [INFO] - Artifacts saved successfully.
2025-12-26 17:57:41 - [INFO] - Generating enhanced analysis...
2025-12-26 17:57:41 - [INFO] - Loaded 20 samples from Tristan (tristan_data.csv)
2025-12-26 17:57:41 - [INFO] - Loaded 82 samples from Owner (Training) (keystroke_data.csv)
2025-12-26 17:57:41 - [INFO] - Loaded 20 samples from Anne (anne_data.csv)
2025-12-26 17:57:42 - [INFO] - Enhanced visualization saved to /home/will/git/strokesec/data/typing_pattern.png. Download to view.
2025-12-26 18:01:23 - [INFO] - Loaded 82 records from /home/will/git/strokesec/data/keystroke_data.csv
2025-12-26 18:01:23 - [INFO] - Augmenting data... (Original: 65)
2025-12-26 18:01:24 - [INFO] - Device: cuda | Input Dim: 60
2025-12-26 18:01:26 - [INFO] - Early stopping at epoch 62
2025-12-26 18:01:26 - [INFO] - Final Threshold: 2.483744 (Mean: 0.824852, Std: 1.105928)
2025-12-26 18:01:26 - [INFO] - Artifacts saved successfully.
